android/app/build/outputs/mapping/release/seeds.txt
com.reading.MainActivity
com.reading.MainActivity: MainActivity()
com.reading.MainApplication
com.reading.MainApplication: MainApplication()
com.reading.R$anim: int abc_fade_in
com.reading.R$anim: int abc_fade_out
com.reading.R$anim: int abc_grow_fade_in_from_bottom
com.reading.R$anim: int abc_popup_enter
com.reading.R$anim: int abc_popup_exit
com.reading.R$anim: int abc_shrink_fade_out_from_bottom
com.reading.R$anim: int abc_slide_in_bottom
com.reading.R$anim: int abc_slide_in_top
com.reading.R$anim: int abc_slide_out_bottom
com.reading.R$anim: int abc_slide_out_top
com.reading.R$anim: int catalyst_push_up_in
com.reading.R$anim: int catalyst_push_up_out
com.reading.R$anim: int fade_in
com.reading.R$anim: int fade_out
com.reading.R$anim: int slide_down
com.reading.R$anim: int slide_up
com.reading.R$attr: int actionBarDivider
com.reading.R$attr: int actionBarItemBackground
com.reading.R$attr: int actionBarPopupTheme
com.reading.R$attr: int actionBarSize
com.reading.R$attr: int actionBarSplitStyle
com.reading.R$attr: int actionBarStyle
com.reading.R$attr: int actionBarTabBarStyle
com.reading.R$attr: int actionBarTabStyle
com.reading.R$attr: int actionBarTabTextStyle
com.reading.R$attr: int actionBarTheme
com.reading.R$attr: int actionBarWidgetTheme
com.reading.R$attr: int actionButtonStyle
com.reading.R$attr: int actionDropDownStyle
com.reading.R$attr: int actionLayout
com.reading.R$attr: int actionMenuTextAppearance
com.reading.R$attr: int actionMenuTextColor
com.reading.R$attr: int actionModeBackground
com.reading.R$attr: int actionModeCloseButtonStyle
com.reading.R$attr: int actionModeCloseDrawable
com.reading.R$attr: int actionModeCopyDrawable
com.reading.R$attr: int actionModeCutDrawable
com.reading.R$attr: int actionModeFindDrawable
com.reading.R$attr: int actionModePasteDrawable
com.reading.R$attr: int actionModePopupWindowStyle
com.reading.R$attr: int actionModeSelectAllDrawable
com.reading.R$attr: int actionModeShareDrawable
com.reading.R$attr: int actionModeSplitBackground
com.reading.R$attr: int actionModeStyle
com.reading.R$attr: int actionModeWebSearchDrawable
com.reading.R$attr: int actionOverflowButtonStyle
com.reading.R$attr: int actionOverflowMenuStyle
com.reading.R$attr: int actionProviderClass
com.reading.R$attr: int actionViewClass
com.reading.R$bool: int abc_action_bar_embed_tabs
com.reading.R$bool: int abc_action_bar_embed_tabs_pre_jb
com.reading.R$bool: int abc_action_bar_expanded_action_views_exclusive
com.reading.R$bool: int abc_allow_stacked_button_bar
com.reading.R$bool: int abc_config_actionMenuItemAllCaps
com.reading.R$bool: int abc_config_allowActionMenuItemTextWithIcon
com.reading.R$bool: int abc_config_closeDialogWhenTouchOutside
com.reading.R$bool: int abc_config_showMenuShortcutsWhenKeyboardPresent
...
android.support.v7.view.menu.ListMenuItemView
android.support.v7.view.menu.ListMenuItemView: java.lang.String TAG
android.support.v7.view.menu.ListMenuItemView: android.support.v7.view.menu.MenuItemImpl mItemData
android.support.v7.view.menu.ListMenuItemView: android.widget.ImageView mIconView
android.support.v7.view.menu.ListMenuItemView: android.widget.RadioButton mRadioButton
android.support.v7.view.menu.ListMenuItemView: android.widget.TextView mTitleView
android.support.v7.view.menu.ListMenuItemView: android.widget.CheckBox mCheckBox
android.support.v7.view.menu.ListMenuItemView: android.widget.TextView mShortcutView
android.support.v7.view.menu.ListMenuItemView: android.graphics.drawable.Drawable mBackground
android.support.v7.view.menu.ListMenuItemView: int mTextAppearance
android.support.v7.view.menu.ListMenuItemView: android.content.Context mTextAppearanceContext
android.support.v7.view.menu.ListMenuItemView: boolean mPreserveIconSpacing
android.support.v7.view.menu.ListMenuItemView: int mMenuType
android.support.v7.view.menu.ListMenuItemView: android.content.Context mContext
android.support.v7.view.menu.ListMenuItemView: android.view.LayoutInflater mInflater
android.support.v7.view.menu.ListMenuItemView: boolean mForceShowIcon
android.support.v7.view.menu.ListMenuItemView: ListMenuItemView(android.content.Context,android.util.AttributeSet,int)
android.support.v7.view.menu.ListMenuItemView: ListMenuItemView(android.content.Context,android.util.AttributeSet)
android.support.v7.view.menu.ListMenuPresenter
android.support.v7.view.menu.ListMenuPresenter: java.lang.String TAG
android.support.v7.view.menu.ListMenuPresenter: android.content.Context mContext
android.support.v7.view.menu.ListMenuPresenter: android.view.LayoutInflater mInflater
android.support.v7.view.menu.ListMenuPresenter: android.support.v7.view.menu.MenuBuilder mMenu
android.support.v7.view.menu.ListMenuPresenter: android.support.v7.view.menu.ExpandedMenuView mMenuView
android.support.v7.view.menu.ListMenuPresenter: int mItemIndexOffset
android.support.v7.view.menu.ListMenuPresenter: int mThemeRes
android.support.v7.view.menu.ListMenuPresenter: int mItemLayoutRes
android.support.v7.view.menu.ListMenuPresenter: android.support.v7.view.menu.MenuPresenter$Callback mCallback
android.support.v7.view.menu.ListMenuPresenter: android.support.v7.view.menu.ListMenuPresenter$MenuAdapter mAdapter
android.support.v7.view.menu.ListMenuPresenter: int mId
android.support.v7.view.menu.ListMenuPresenter: java.lang.String VIEWS_TAG
android.support.v7.view.menu.ListMenuPresenter: ListMenuPresenter(android.content.Context,int)
android.support.v7.view.menu.ListMenuPresenter: ListMenuPresenter(int,int)
android.support.v7.view.menu.ListMenuPresenter: void initForMenu(android.content.Context,android.support.v7.view.menu.MenuBuilder)
android.support.v7.view.menu.ListMenuPresenter: android.support.v7.view.menu.MenuView getMenuView(android.view.ViewGroup)