android/app/build/outputs/mapping/release/usage.txt
com.reading.BuildConfig
com.reading.R
com.reading.R$anim
com.reading.R$attr
com.reading.R$bool
com.reading.R$color
com.reading.R$dimen
com.reading.R$drawable
com.reading.R$id
com.reading.R$integer
com.reading.R$layout
com.reading.R$string
com.reading.R$style
com.reading.R$styleable
com.reading.R$xml
...
com.greatdroid.reactnative.media.BuildConfig
com.greatdroid.reactnative.media.R
com.greatdroid.reactnative.media.R$anim
com.greatdroid.reactnative.media.R$attr
com.greatdroid.reactnative.media.R$bool
com.greatdroid.reactnative.media.R$color
com.greatdroid.reactnative.media.R$dimen
com.greatdroid.reactnative.media.R$drawable
com.greatdroid.reactnative.media.R$id
com.greatdroid.reactnative.media.R$integer
com.greatdroid.reactnative.media.R$layout
com.greatdroid.reactnative.media.R$string
com.greatdroid.reactnative.media.R$style
com.greatdroid.reactnative.media.R$styleable
com.greatdroid.reactnative.media.R$xml
com.greatdroid.reactnative.media.player.MediaPlayerController:
    private static final java.lang.String TAG
    197:198:public void setPlayWhenReady(boolean)
com.greatdroid.reactnative.media.player.MediaPlayerController$BaseEventListener:
    475:475:public void onMetadata(java.util.List)
com.greatdroid.reactnative.media.player.MediaPlayerController$EventListener:
    public abstract void onMetadata(java.util.List)
com.greatdroid.reactnative.media.player.ReactMediaPlayerView:
    private static final java.lang.String TAG
com.greatdroid.reactnative.media.player.ReactMediaPlayerViewManager:
    private static final java.lang.String TAG
    public static final java.lang.String REACT_CLASS
    public static final java.lang.String EVENT_ON_PLAYER_PLAYING
    public static final java.lang.String EVENT_ON_PLAYER_PAUSED
    public static final java.lang.String EVENT_ON_PLAYER_PROGRESS
    public static final java.lang.String EVENT_ON_PLAYER_BUFFER_CHANGE
    public static final java.lang.String EVENT_ON_PLAYER_BUFFERING
    public static final java.lang.String EVENT_ON_PLAYER_BUFFER_OK
    public static final java.lang.String EVENT_ON_PLAYER_FINISHED
    public static final int CMD_PLAY
    public static final int CMD_PAUSE
    public static final int CMD_SEEK_TO
    public static final int CMD_STOP
com.greatdroid.reactnative.media.player.TrackRenderersBuilder:
    public static final int TRACK_RENDER_COUNT
    public static final int TRACK_VIDEO_INDEX
    public static final int TRACK_AUDIO_INDEX
    public static final int TRACK_TEXT_INDEX
    public static final int TRACK_METADATA_INDEX
com.greatdroid.reactnative.media.player.trackrenderer.DashRenderersBuilder:
    private static final java.lang.String TAG
    private static final int BUFFER_SEGMENT_SIZE
    private static final int VIDEO_BUFFER_SEGMENTS
    private static final int AUDIO_BUFFER_SEGMENTS
    private static final int TEXT_BUFFER_SEGMENTS
    private static final int LIVE_EDGE_LATENCY_MS
    private static final int SECURITY_LEVEL_UNKNOWN
    private static final int SECURITY_LEVEL_1
    private static final int SECURITY_LEVEL_3
com.greatdroid.reactnative.media.player.trackrenderer.ExtractorRenderersBuilder:
    private static final int BUFFER_SEGMENT_SIZE
    private static final int BUFFER_SEGMENT_COUNT
com.greatdroid.reactnative.media.player.trackrenderer.HlsRenderersBuilder:
    private static final int BUFFER_SEGMENT_SIZE
    private static final int MAIN_BUFFER_SEGMENTS
    private static final int TEXT_BUFFER_SEGMENTS
com.greatdroid.reactnative.media.player.trackrenderer.SmoothStreamingRenderersBuilder:
    private static final int BUFFER_SEGMENT_SIZE
    private static final int VIDEO_BUFFER_SEGMENTS
    private static final int AUDIO_BUFFER_SEGMENTS
    private static final int TEXT_BUFFER_SEGMENTS
    private static final int LIVE_EDGE_LATENCY_MS
com.learnium.RNDeviceInfo.BuildConfig
com.learnium.RNDeviceInfo.R
com.learnium.RNDeviceInfo.R$anim
com.learnium.RNDeviceInfo.R$attr
com.learnium.RNDeviceInfo.R$bool
com.learnium.RNDeviceInfo.R$color
com.learnium.RNDeviceInfo.R$dimen
com.learnium.RNDeviceInfo.R$drawable
com.learnium.RNDeviceInfo.R$id
com.learnium.RNDeviceInfo.R$integer
com.learnium.RNDeviceInfo.R$layout
com.learnium.RNDeviceInfo.R$string
com.learnium.RNDeviceInfo.R$style
com.learnium.RNDeviceInfo.R$styleable
com.learnium.RNDeviceInfo.R$xml